Build started 10/18/2013 11:50:19 PM.
     1>Project "C:\Users\Sun\Desktop\as2\source\as2.vcxproj" on node 2 (Build target(s)).
     1>ClCompile:
         F:\Microsoft Visual Studio 11.0\VC\bin\CL.exe /c /Zi /nologo /W3 /WX- /O2 /Oi /Oy- /GL /D _MBCS /Gm- /EHsc /MD /GS /Gy /fp:precise /Zc:wchar_t /Zc:forScope /Fo"Release\\" /Fd"Release\vc110.pdb" /Gd /TP /analyze- /errorReport:prompt film.cpp main.cpp matrix.cpp vect.cpp
         film.cpp
     1>film.cpp(46): warning C4244: 'initializing' : conversion from 'double' to 'float', possible loss of data
         main.cpp
     1>main.cpp : warning C4819: The file contains a character that cannot be represented in the current code page (936). Save the file in Unicode format to prevent data loss
     1>c:\users\sun\desktop\as2\source\triangle.h(31): warning C4244: 'argument' : conversion from 'float' to 'unsigned int', possible loss of data
     1>c:\users\sun\desktop\as2\source\triangle.h(39): warning C4244: 'argument' : conversion from 'float' to 'unsigned int', possible loss of data
     1>c:\users\sun\desktop\as2\source\triangle.h(40): warning C4244: 'argument' : conversion from 'float' to 'unsigned int', possible loss of data
     1>c:\users\sun\desktop\as2\source\triangle.h(41): warning C4244: 'argument' : conversion from 'float' to 'unsigned int', possible loss of data
     1>c:\users\sun\desktop\as2\source\triangle.h(46): warning C4244: 'argument' : conversion from 'float' to 'unsigned int', possible loss of data
     1>c:\users\sun\desktop\as2\source\triangle.h(77): warning C4244: 'argument' : conversion from 'float' to 'unsigned int', possible loss of data
     1>c:\users\sun\desktop\as2\source\allObjects.h(95): warning C4101: 'minId' : unreferenced local variable
     1>main.cpp(147): warning C4244: '=' : conversion from 'double' to 'float', possible loss of data
     1>main.cpp(243): warning C4244: 'argument' : conversion from 'double' to 'float', possible loss of data
     1>main.cpp(253): warning C4244: 'initializing' : conversion from 'double' to 'float', possible loss of data
     1>main.cpp(269): warning C4244: 'argument' : conversion from 'double' to 'float', possible loss of data
     1>main.cpp(322): warning C4244: 'argument' : conversion from 'double' to 'float', possible loss of data
         matrix.cpp
     1>matrix.cpp(319): warning C4244: '=' : conversion from 'double' to 'float', possible loss of data
         vect.cpp
       Link:
         F:\Microsoft Visual Studio 11.0\VC\bin\link.exe /ERRORREPORT:PROMPT /OUT:"C:\Users\Sun\Desktop\as2\source\Release\as2.exe" /NOLOGO kernel32.lib user32.lib gdi32.lib winspool.lib comdlg32.lib advapi32.lib shell32.lib ole32.lib oleaut32.lib uuid.lib odbc32.lib odbccp32.lib /MANIFEST /MANIFESTUAC:"level='asInvoker' uiAccess='false'" /manifest:embed /DEBUG /PDB:"C:\Users\Sun\Desktop\as2\source\Release\as2.pdb" /OPT:REF /OPT:ICF /LTCG /TLBID:1 /DYNAMICBASE /NXCOMPAT /IMPLIB:"C:\Users\Sun\Desktop\as2\source\Release\as2.lib" /MACHINE:X86 /SAFESEH Release\film.obj
         Release\main.obj
         Release\matrix.obj
         Release\vect.obj
         Generating code
         Finished generating code
         as2.vcxproj -> C:\Users\Sun\Desktop\as2\source\Release\as2.exe
     1>Done Building Project "C:\Users\Sun\Desktop\as2\source\as2.vcxproj" (Build target(s)).

Build succeeded.

Time Elapsed 00:00:50.88
