Build started 10/11/2013 12:20:11 AM.
     1>Project "C:\Users\Sun\Desktop\cs184\as2\as2.vcxproj" on node 2 (Build target(s)).
     1>ClCompile:
         F:\Microsoft Visual Studio 11.0\VC\bin\CL.exe /c /ZI /nologo /W3 /WX- /Od /Oy- /D _MBCS /Gm /EHsc /RTC1 /MDd /GS /fp:precise /Zc:wchar_t /Zc:forScope /Fo"Debug\\" /Fd"Debug\vc110.pdb" /Gd /TP /analyze- /errorReport:prompt main.cpp
         main.cpp
       Link:
         F:\Microsoft Visual Studio 11.0\VC\bin\link.exe /ERRORREPORT:PROMPT /OUT:"C:\Users\Sun\Desktop\cs184\as2\Debug\as2.exe" /INCREMENTAL /NOLOGO kernel32.lib user32.lib gdi32.lib winspool.lib comdlg32.lib advapi32.lib shell32.lib ole32.lib oleaut32.lib uuid.lib odbc32.lib odbccp32.lib /MANIFEST /MANIFESTUAC:"level='asInvoker' uiAccess='false'" /manifest:embed /DEBUG /PDB:"C:\Users\Sun\Desktop\cs184\as2\Debug\as2.pdb" /TLBID:1 /DYNAMICBASE /NXCOMPAT /IMPLIB:"C:\Users\Sun\Desktop\cs184\as2\Debug\as2.lib" /MACHINE:X86 Debug\camera.obj
         Debug\color.obj
         Debug\film.obj
         Debug\loadscene.obj
         Debug\main.obj
         Debug\matrix.obj
         Debug\ray.obj
         Debug\raytracer.obj
         Debug\sphere.obj
         Debug\vect.obj
         as2.vcxproj -> C:\Users\Sun\Desktop\cs184\as2\Debug\as2.exe
     1>Done Building Project "C:\Users\Sun\Desktop\cs184\as2\as2.vcxproj" (Build target(s)).

Build succeeded.

Time Elapsed 00:00:05.79
