Build started 9/26/2013 8:18:17 PM.
     1>Project "C:\Users\Sun\Desktop\cs184\as1\as1.vcxproj" on node 2 (Build target(s)).
     1>ClCompile:
         F:\Microsoft Visual Studio 11.0\VC\bin\CL.exe /c /I"glut-3.7.6-bin" /Zi /nologo /W3 /WX- /O2 /Oi /Oy- /GL /D WIN32 /D NDEBUG /D _CONSOLE /D _UNICODE /D UNICODE /Gm- /EHsc /MD /GS /Gy /fp:precise /Zc:wchar_t /Zc:forScope /Fo"Release\\" /Fd"Release\vc110.pdb" /Gd /TP /analyze- /errorReport:prompt effect.cpp main.cpp vect.cpp
         effect.cpp
     1>effect.cpp(6): warning C4305: 'initializing' : truncation from 'double' to 'float'
     1>effect.cpp(12): warning C4244: 'argument' : conversion from 'double' to 'float', possible loss of data
     1>effect.cpp(14): warning C4244: 'argument' : conversion from 'double' to 'float', possible loss of data
     1>effect.cpp(16): warning C4244: 'argument' : conversion from 'double' to 'float', possible loss of data
     1>effect.cpp(43): warning C4244: 'initializing' : conversion from 'double' to 'float', possible loss of data
         main.cpp
         vect.cpp
       Link:
         F:\Microsoft Visual Studio 11.0\VC\bin\link.exe /ERRORREPORT:PROMPT /OUT:"C:\Users\Sun\Desktop\cs184\as1\Release\as1.exe" /INCREMENTAL:NO /NOLOGO /LIBPATH:"glut-3.7.6-bin" kernel32.lib user32.lib gdi32.lib winspool.lib comdlg32.lib advapi32.lib shell32.lib ole32.lib oleaut32.lib uuid.lib odbc32.lib odbccp32.lib /MANIFEST /MANIFESTUAC:"level='asInvoker' uiAccess='false'" /manifest:embed /DEBUG /PDB:"C:\Users\Sun\Desktop\cs184\as1\Release\as1.pdb" /SUBSYSTEM:CONSOLE /OPT:REF /OPT:ICF /LTCG /TLBID:1 /DYNAMICBASE /NXCOMPAT /IMPLIB:"C:\Users\Sun\Desktop\cs184\as1\Release\as1.lib" /MACHINE:X86 /SAFESEH Release\effect.obj
         Release\main.obj
         Release\vect.obj
         Generating code
         Finished generating code
         as1.vcxproj -> C:\Users\Sun\Desktop\cs184\as1\Release\as1.exe
     1>Done Building Project "C:\Users\Sun\Desktop\cs184\as1\as1.vcxproj" (Build target(s)).

Build succeeded.

Time Elapsed 00:00:36.08
